#
# There is insufficient memory for the Java Runtime Environment to continue.
# Native memory allocation (mmap) failed to map 67108864 bytes for G1 virtual space
# Possible reasons:
#   The system is out of physical RAM or swap space
#   The process is running with CompressedOops enabled, and the Java Heap may be blocking the growth of the native heap
# Possible solutions:
#   Reduce memory load on the system
#   Increase physical memory or swap space
#   Check if swap backing store is full
#   Decrease Java heap size (-Xmx/-Xms)
#   Decrease number of Java threads
#   Decrease Java thread stack sizes (-Xss)
#   Set larger code cache with -XX:ReservedCodeCacheSize=
#   JVM is running with Unscaled Compressed Oops mode in which the Java heap is
#     placed in the first 4GB address space. The Java Heap base address is the
#     maximum limit for the native heap growth. Please use -XX:HeapBaseMinAddress
#     to set the Java Heap base and to place the Java Heap above 4GB virtual address.
# This output file may be truncated or incomplete.
#
#  Out of Memory Error (os_windows.cpp:3548), pid=4100, tid=11420
#
# JRE version:  (17.0.11+7) (build )
# Java VM: Java HotSpot(TM) 64-Bit Server VM (17.0.11+7-LTS-207, mixed mode, sharing, tiered, compressed oops, compressed class ptrs, g1 gc, windows-amd64)
# No core dump will be written. Minidumps are not enabled by default on client versions of Windows
#

---------------  S U M M A R Y ------------

Command Line: -Xmx64m -Xms64m -Dorg.gradle.appname=gradlew org.gradle.wrapper.GradleWrapperMain app:installDebug -PreactNativeDevServerPort=8081

Host: AMD Ryzen 3 7320U with Radeon Graphics         , 8 cores, 5G,  Windows 11 , 64 bit Build 22621 (10.0.22621.4391)
Time: Wed Jan 22 15:04:33 2025 SE Asia Standard Time elapsed time: 0.013302 seconds (0d 0h 0m 0s)

---------------  T H R E A D  ---------------

Current thread (0x000002cf4b835a40):  JavaThread "Unknown thread" [_thread_in_vm, id=11420, stack(0x000000d14dc00000,0x000000d14dd00000)]

Stack: [0x000000d14dc00000,0x000000d14dd00000]
Native frames: (J=compiled Java code, j=interpreted, Vv=VM code, C=native code)
V  [jvm.dll+0x679cca]
V  [jvm.dll+0x7da13d]
V  [jvm.dll+0x7dba83]
V  [jvm.dll+0x7dc0f3]
V  [jvm.dll+0x2449af]
V  [jvm.dll+0x676ce9]
V  [jvm.dll+0x66b852]
V  [jvm.dll+0x3018d6]
V  [jvm.dll+0x308e76]
V  [jvm.dll+0x3596ee]
V  [jvm.dll+0x35991f]
V  [jvm.dll+0x2d89a8]
V  [jvm.dll+0x2d9914]
V  [jvm.dll+0x7ac6b1]
V  [jvm.dll+0x366f61]
V  [jvm.dll+0x78b609]
V  [jvm.dll+0x3ec22f]
V  [jvm.dll+0x3ede61]
C  [jli.dll+0x5297]
C  [ucrtbase.dll+0x29333]
C  [KERNEL32.DLL+0x1259d]
C  [ntdll.dll+0x5af38]


---------------  P R O C E S S  ---------------

Threads class SMR info:
_java_thread_list=0x00007ff9d7187a18, length=0, elements={
}

Java Threads: ( => current thread )

Other Threads:
  0x000002cf4b854fe0 GCTaskThread "GC Thread#0" [stack: 0x000000d14dd00000,0x000000d14de00000] [id=10592]
  0x000002cf4b856730 ConcurrentGCThread "G1 Main Marker" [stack: 0x000000d14de00000,0x000000d14df00000] [id=11892]
  0x000002cf4b857140 ConcurrentGCThread "G1 Conc#0" [stack: 0x000000d14df00000,0x000000d14e000000] [id=13348]

[error occurred during error reporting (printing all threads), id 0xc0000005, EXCEPTION_ACCESS_VIOLATION (0xc0000005) at pc=0x00007ff9d69b9497]

VM state: not at safepoint (not fully initialized)

VM Mutex/Monitor currently owned by a thread:  ([mutex/lock_event])
[0x000002cf4b830ba0] Heap_lock - owner thread: 0x000002cf4b835a40

Heap address: 0x00000000fc000000, size: 64 MB, Compressed Oops mode: 32-bit

CDS archive(s) mapped at: [0x0000000000000000-0x0000000000000000-0x0000000000000000), size 0, SharedBaseAddress: 0x0000000800000000, ArchiveRelocationMode: 1.
Narrow klass base: 0x0000000000000000, Narrow klass shift: 0, Narrow klass range: 0x0

GC Precious Log:
<Empty>

Heap:
 garbage-first heap   total 0K, used 0K [0x00000000fc000000, 0x0000000100000000)
  region size 1024K, 0 young (0K), 0 survivors (0K)

[error occurred during error reporting (printing heap information), id 0xc0000005, EXCEPTION_ACCESS_VIOLATION (0xc0000005) at pc=0x00007ff9d6da3559]

GC Heap History (0 events):
No events

Deoptimization events (0 events):
No events

Classes unloaded (0 events):
No events

Classes redefined (0 events):
No events

Internal exceptions (0 events):
No events

VM Operations (0 events):
No events

Events (1 events):
Event: 0.007 Loaded shared library C:\jdk-17.0.11_windows-x64_bin\jdk-17.0.11\bin\java.dll


Dynamic libraries:
0x00007ff7aa130000 - 0x00007ff7aa140000 	C:\jdk-17.0.11_windows-x64_bin\jdk-17.0.11\bin\java.exe
0x00007ffa38bd0000 - 0x00007ffa38de7000 	C:\Windows\SYSTEM32\ntdll.dll
0x00007ffa38310000 - 0x00007ffa383d4000 	C:\Windows\System32\KERNEL32.DLL
0x00007ffa35e90000 - 0x00007ffa3624a000 	C:\Windows\System32\KERNELBASE.dll
0x00007ffa36420000 - 0x00007ffa36531000 	C:\Windows\System32\ucrtbase.dll
0x00007ffa32640000 - 0x00007ffa3265b000 	C:\jdk-17.0.11_windows-x64_bin\jdk-17.0.11\bin\VCRUNTIME140.dll
0x00007ffa0b570000 - 0x00007ffa0b589000 	C:\jdk-17.0.11_windows-x64_bin\jdk-17.0.11\bin\jli.dll
0x00007ffa36c90000 - 0x00007ffa36d42000 	C:\Windows\System32\ADVAPI32.dll
0x00007ffa384a0000 - 0x00007ffa38547000 	C:\Windows\System32\msvcrt.dll
0x00007ffa38590000 - 0x00007ffa38637000 	C:\Windows\System32\sechost.dll
0x00007ffa36250000 - 0x00007ffa36278000 	C:\Windows\System32\bcrypt.dll
0x00007ffa38970000 - 0x00007ffa38a84000 	C:\Windows\System32\RPCRT4.dll
0x00007ffa36d50000 - 0x00007ffa36efe000 	C:\Windows\System32\USER32.dll
0x00007ffa36720000 - 0x00007ffa36746000 	C:\Windows\System32\win32u.dll
0x00007ffa382e0000 - 0x00007ffa38309000 	C:\Windows\System32\GDI32.dll
0x00007ffa36300000 - 0x00007ffa3641b000 	C:\Windows\System32\gdi32full.dll
0x00007ffa36680000 - 0x00007ffa3671a000 	C:\Windows\System32\msvcp_win.dll
0x00007ffa1f7c0000 - 0x00007ffa1fa52000 	C:\Windows\WinSxS\amd64_microsoft.windows.common-controls_6595b64144ccf1df_6.0.22621.4541_none_2710d1c57384c085\COMCTL32.dll
0x00007ffa2e6c0000 - 0x00007ffa2e6ca000 	C:\Windows\SYSTEM32\VERSION.dll
0x00007ffa38930000 - 0x00007ffa38961000 	C:\Windows\System32\IMM32.DLL
0x00007ffa325e0000 - 0x00007ffa325ec000 	C:\jdk-17.0.11_windows-x64_bin\jdk-17.0.11\bin\vcruntime140_1.dll
0x00007ff9f5020000 - 0x00007ff9f50ae000 	C:\jdk-17.0.11_windows-x64_bin\jdk-17.0.11\bin\msvcp140.dll
0x00007ff9d66d0000 - 0x00007ff9d72b0000 	C:\jdk-17.0.11_windows-x64_bin\jdk-17.0.11\bin\server\jvm.dll
0x00007ffa37950000 - 0x00007ffa37958000 	C:\Windows\System32\PSAPI.DLL
0x00007ffa319b0000 - 0x00007ffa319e4000 	C:\Windows\SYSTEM32\WINMM.dll
0x00007ffa31b70000 - 0x00007ffa31b79000 	C:\Windows\SYSTEM32\WSOCK32.dll
0x00007ffa386e0000 - 0x00007ffa38751000 	C:\Windows\System32\WS2_32.dll
0x00007ffa34e30000 - 0x00007ffa34e48000 	C:\Windows\SYSTEM32\kernel.appcore.dll
0x00007ffa31a70000 - 0x00007ffa31a7a000 	C:\jdk-17.0.11_windows-x64_bin\jdk-17.0.11\bin\jimage.dll
0x00007ffa339e0000 - 0x00007ffa33c12000 	C:\Windows\SYSTEM32\DBGHELP.DLL
0x00007ffa37f40000 - 0x00007ffa382d1000 	C:\Windows\System32\combase.dll
0x00007ffa37960000 - 0x00007ffa37a37000 	C:\Windows\System32\OLEAUT32.dll
0x00007ff9fc700000 - 0x00007ff9fc732000 	C:\Windows\SYSTEM32\dbgcore.DLL
0x00007ffa36540000 - 0x00007ffa365bb000 	C:\Windows\System32\bcryptPrimitives.dll
0x00007ff9f61e0000 - 0x00007ff9f6205000 	C:\jdk-17.0.11_windows-x64_bin\jdk-17.0.11\bin\java.dll

dbghelp: loaded successfully - version: 4.0.5 - missing functions: none
symbol engine: initialized successfully - sym options: 0x614 - pdb path: .;C:\jdk-17.0.11_windows-x64_bin\jdk-17.0.11\bin;C:\Windows\SYSTEM32;C:\Windows\WinSxS\amd64_microsoft.windows.common-controls_6595b64144ccf1df_6.0.22621.4541_none_2710d1c57384c085;C:\jdk-17.0.11_windows-x64_bin\jdk-17.0.11\bin\server

VM Arguments:
jvm_args: -Xmx64m -Xms64m -Dorg.gradle.appname=gradlew 
java_command: org.gradle.wrapper.GradleWrapperMain app:installDebug -PreactNativeDevServerPort=8081
java_class_path (initial): C:\ReactNativeProjects\TestApp\android\\gradle\wrapper\gradle-wrapper.jar
Launcher Type: SUN_STANDARD

[Global flags]
     intx CICompilerCount                          = 4                                         {product} {ergonomic}
     uint ConcGCThreads                            = 2                                         {product} {ergonomic}
     uint G1ConcRefinementThreads                  = 8                                         {product} {ergonomic}
   size_t G1HeapRegionSize                         = 1048576                                   {product} {ergonomic}
    uintx GCDrainStackTargetSize                   = 64                                        {product} {ergonomic}
   size_t InitialHeapSize                          = 67108864                                  {product} {command line}
   size_t MarkStackSize                            = 4194304                                   {product} {ergonomic}
   size_t MaxHeapSize                              = 67108864                                  {product} {command line}
   size_t MinHeapDeltaBytes                        = 1048576                                   {product} {ergonomic}
   size_t MinHeapSize                              = 67108864                                  {product} {command line}
    uintx NonNMethodCodeHeapSize                   = 5839372                                {pd product} {ergonomic}
    uintx NonProfiledCodeHeapSize                  = 122909434                              {pd product} {ergonomic}
    uintx ProfiledCodeHeapSize                     = 122909434                              {pd product} {ergonomic}
    uintx ReservedCodeCacheSize                    = 251658240                              {pd product} {ergonomic}
     bool SegmentedCodeCache                       = true                                      {product} {ergonomic}
   size_t SoftMaxHeapSize                          = 67108864                               {manageable} {ergonomic}
     bool UseCompressedClassPointers               = true                           {product lp64_product} {ergonomic}
     bool UseCompressedOops                        = true                           {product lp64_product} {ergonomic}
     bool UseG1GC                                  = true                                      {product} {ergonomic}
     bool UseLargePagesIndividualAllocation        = false                                  {pd product} {ergonomic}

Logging:
Log output configuration:
 #0: stdout all=warning uptime,level,tags
 #1: stderr all=off uptime,level,tags

Environment Variables:
JAVA_HOME=C:\jdk-17.0.11_windows-x64_bin\jdk-17.0.11
CLASSPATH=C:\ReactNativeProjects\TestApp\android\\gradle\wrapper\gradle-wrapper.jar
PATH=C:\ReactNativeProjects\TestApp\node_modules\.bin;C:\ReactNativeProjects\TestApp\node_modules\.bin;C:\ReactNativeProjects\node_modules\.bin;C:\node_modules\.bin;C:\Program Files\nodejs\node_modules\npm\node_modules\@npmcli\run-script\lib\node-gyp-bin;C:\Program Files\PowerShell\7;C:\Python313\Scripts\;C:\Python313\;C:\Python312\Scripts\;C:\Python312\;C:\Windows\system32;C:\Windows;C:\Windows\System32\Wbem;C:\Windows\System32\WindowsPowerShell\v1.0\;C:\Windows\System32\OpenSSH\;C:\Program Files\Git\cmd;C:\Program Files\MySQL\MySQL Server 8.0\bin;C:\xampp\php;C:\php-8.3.7;C:\ProgramData\chocolatey\bin;C:\Program Files\nodejs\;C:\Program Files\dotnet\;C:\Program Files\PowerShell\7\;C:\Users\IBRAHIM KAYYIS\AppData\Local\Android\Sdk\platform-tools;C:\jdk-17.0.11_windows-x64_bin\jdk-17.0.11\bin;C:\Program Files\MySQL\MySQL Shell 8.0\bin\;C:\Users\IBRAHIM KAYYIS\AppData\Local\Microsoft\WindowsApps;C:\Users\IBRAHIM KAYYIS\AppData\Local\Programs\Microsoft VS Code\bin;C:\Program Files\MySQL\MySQL Server 8.0\bin;C:\xampp\php;C:\php-8.3.7;C:\Program Files\nodejs\;C:\Program Files\JetBrains\IntelliJ IDEA 2024.2.0.2\bin;;C:\Users\IBRAHIM KAYYIS\AppData\Roaming\npm;C:\Users\IBRAHIM KAYYIS\AppData\Local\Android\Sdk\platform-tools;
USERNAME=IBRAHIM KAYYIS
OS=Windows_NT
PROCESSOR_IDENTIFIER=AMD64 Family 23 Model 160 Stepping 0, AuthenticAMD



---------------  S Y S T E M  ---------------

OS:
 Windows 11 , 64 bit Build 22621 (10.0.22621.4391)
OS uptime: 0 days 9:36 hours
Hyper-V role detected

CPU: total 8 (initial active 8) (8 cores per cpu, 2 threads per core) family 23 model 160 stepping 0 microcode 0x0, cx8, cmov, fxsr, ht, mmx, 3dnowpref, sse, sse2, sse3, ssse3, sse4a, sse4.1, sse4.2, popcnt, lzcnt, tsc, tscinvbit, avx, avx2, aes, clmul, bmi1, bmi2, adx, sha, fma, vzeroupper, clflush, clflushopt, hv

Memory: 4k page, system-wide physical 5877M (1043M free)
TotalPageFile size 24309M (AvailPageFile size 48M)
current process WorkingSet (physical memory assigned to process): 11M, peak: 11M
current process commit charge ("private bytes"): 59M, peak: 123M

vm_info: Java HotSpot(TM) 64-Bit Server VM (17.0.11+7-LTS-207) for windows-amd64 JRE (17.0.11+7-LTS-207), built on Mar 11 2024 19:01:50 by "mach5one" with MS VC++ 17.6 (VS2022)

END.
